D:\C++\RocPcServidorAsp\Acor.bpr -> G:\C++\RocPcServidorAsp\Acor.bpr
D:\C++\RocPcServidorAsp\Acor.exe -> G:\C++\RocPcServidorAsp\Acor.exe
D:\C++\RocPcServidorAsp\Acor.obj -> G:\C++\RocPcServidorAsp\Acor.obj
D:\C++\RocPcServidorAsp\Acor.res -> G:\C++\RocPcServidorAsp\Acor.res
D:\C++\RocPcServidorAsp\Acor.tds -> G:\C++\RocPcServidorAsp\Acor.tds
D:\C++\RocPcServidorAsp\Acor_ATL.obj -> G:\C++\RocPcServidorAsp\Acor_ATL.obj
D:\C++\RocPcServidorAsp\CCD1Impl.cpp -> G:\C++\RocPcServidorAsp\CCD1Impl.cpp
D:\C++\RocPcServidorAsp\CCD1Impl.h -> G:\C++\RocPcServidorAsp\CCD1Impl.h
D:\C++\RocPcServidorAsp\CCD1Impl.obj -> G:\C++\RocPcServidorAsp\CCD1Impl.obj
D:\C++\RocPcServidorAsp\ConfiFiltro.obj -> G:\C++\RocPcServidorAsp\ConfiFiltro.obj
D:\C++\RocPcServidorAsp\conf_meteo.obj -> G:\C++\RocPcServidorAsp\conf_meteo.obj
D:\C++\RocPcServidorAsp\Copia.log -> G:\C++\RocPcServidorAsp\Copia.log
D:\C++\RocPcServidorAsp\cRocPcServidorImpl.cpp -> G:\C++\RocPcServidorAsp\cRocPcServidorImpl.cpp
D:\C++\RocPcServidorAsp\cRocPcServidorImpl.h -> G:\C++\RocPcServidorAsp\cRocPcServidorImpl.h
D:\C++\RocPcServidorAsp\cRocPcServidorImpl.obj -> G:\C++\RocPcServidorAsp\cRocPcServidorImpl.obj
D:\C++\RocPcServidorAsp\Enfoque.obj -> G:\C++\RocPcServidorAsp\Enfoque.obj
D:\C++\RocPcServidorAsp\FocuserImpl.cpp -> G:\C++\RocPcServidorAsp\FocuserImpl.cpp
D:\C++\RocPcServidorAsp\FocuserImpl.h -> G:\C++\RocPcServidorAsp\FocuserImpl.h
D:\C++\RocPcServidorAsp\FocuserImpl.obj -> G:\C++\RocPcServidorAsp\FocuserImpl.obj
D:\C++\RocPcServidorAsp\Foto.obj -> G:\C++\RocPcServidorAsp\Foto.obj
D:\C++\RocPcServidorAsp\Historia.obj -> G:\C++\RocPcServidorAsp\Historia.obj
D:\C++\RocPcServidorAsp\NTOFOCUS.TXT -> G:\C++\RocPcServidorAsp\NTOFOCUS.TXT
D:\C++\RocPcServidorAsp\Principal.obj -> G:\C++\RocPcServidorAsp\Principal.obj
D:\C++\RocPcServidorAsp\Programacion.obj -> G:\C++\RocPcServidorAsp\Programacion.obj
D:\C++\RocPcServidorAsp\RocPcServidor.tlb -> G:\C++\RocPcServidorAsp\RocPcServidor.tlb
D:\C++\RocPcServidorAsp\RocPcServidor_TLB.cpp -> G:\C++\RocPcServidorAsp\RocPcServidor_TLB.cpp
D:\C++\RocPcServidorAsp\RocPcServidor_TLB.h -> G:\C++\RocPcServidorAsp\RocPcServidor_TLB.h
D:\C++\RocPcServidorAsp\RocPcServidor_TLB.obj -> G:\C++\RocPcServidorAsp\RocPcServidor_TLB.obj
D:\C++\RocPcServidorAsp\RUEDA.OBJ -> G:\C++\RocPcServidorAsp\RUEDA.OBJ
D:\C++\RocPcServidorAsp\SOCKET.obj -> G:\C++\RocPcServidorAsp\SOCKET.obj
D:\C++\RocPcServidorAsp\test -> G:\C++\RocPcServidorAsp\test
D:\C++\RocPcServidorAsp\Unit3.obj -> G:\C++\RocPcServidorAsp\Unit3.obj
D:\C++\RocPcServidorAsp\visualizar.obj -> G:\C++\RocPcServidorAsp\visualizar.obj
33 archivo(s) copiado(s)
